2017-12-20 8:47:36 - PHP Notice:  getimagesize(): Read error! in /home/donn/public_html/admin/model/tool/image.php on line 26
2017-12-20 8:47:36 - PHP Notice:  getimagesize(): Read error! in /home/donn/public_html/system/library/image.php on line 11
2017-12-20 8:47:51 - PHP Notice:  getimagesize(): Read error! in /home/donn/public_html/admin/model/tool/image.php on line 26
2017-12-20 8:47:51 - PHP Notice:  getimagesize(): Read error! in /home/donn/public_html/system/library/image.php on line 11
2017-12-20 8:47:59 - PHP Notice:  getimagesize(): Read error! in /home/donn/public_html/admin/model/tool/image.php on line 26
2017-12-20 8:47:59 - PHP Notice:  getimagesize(): Read error! in /home/donn/public_html/system/library/image.php on line 11
2017-12-20 8:48:02 - PHP Notice:  getimagesize(): Read error! in /home/donn/public_html/admin/model/tool/image.php on line 26
2017-12-20 8:48:02 - PHP Notice:  getimagesize(): Read error! in /home/donn/public_html/system/library/image.php on line 11
2017-12-20 8:54:09 - PHP Notice:  getimagesize(): Read error! in /home/donn/public_html/admin/model/tool/image.php on line 26
2017-12-20 8:54:09 - PHP Notice:  getimagesize(): Read error! in /home/donn/public_html/system/library/image.php on line 11
2017-12-20 8:54:14 - PHP Notice:  getimagesize(): Read error! in /home/donn/public_html/admin/model/tool/image.php on line 26
2017-12-20 8:54:14 - PHP Notice:  getimagesize(): Read error! in /home/donn/public_html/system/library/image.php on line 11
2017-12-20 8:54:18 - PHP Notice:  getimagesize(): Read error! in /home/donn/public_html/admin/model/tool/image.php on line 26
2017-12-20 8:54:18 - PHP Notice:  getimagesize(): Read error! in /home/donn/public_html/system/library/image.php on line 11
2017-12-20 8:54:19 - PHP Notice:  getimagesize(): Read error! in /home/donn/public_html/admin/model/tool/image.php on line 26
2017-12-20 8:54:19 - PHP Notice:  getimagesize(): Read error! in /home/donn/public_html/system/library/image.php on line 11
2017-12-20 8:54:22 - PHP Notice:  getimagesize(): Read error! in /home/donn/public_html/admin/model/tool/image.php on line 26
2017-12-20 8:54:22 - PHP Notice:  getimagesize(): Read error! in /home/donn/public_html/system/library/image.php on line 11
2017-12-20 8:59:06 - PHP Notice:  getimagesize(): Read error! in /home/donn/public_html/admin/model/tool/image.php on line 26
2017-12-20 8:59:06 - PHP Notice:  getimagesize(): Read error! in /home/donn/public_html/system/library/image.php on line 11
2017-12-20 8:59:17 - PHP Notice:  getimagesize(): Read error! in /home/donn/public_html/admin/model/tool/image.php on line 26
2017-12-20 8:59:17 - PHP Notice:  getimagesize(): Read error! in /home/donn/public_html/system/library/image.php on line 11
2017-12-20 9:02:37 - PHP Notice:  getimagesize(): Read error! in /home/donn/public_html/admin/model/tool/image.php on line 26
2017-12-20 9:02:37 - PHP Notice:  getimagesize(): Read error! in /home/donn/public_html/system/library/image.php on line 11
2017-12-20 9:05:05 - PHP Notice:  getimagesize(): Read error! in /home/donn/public_html/admin/model/tool/image.php on line 26
2017-12-20 9:05:05 - PHP Notice:  getimagesize(): Read error! in /home/donn/public_html/system/library/image.php on line 11
2017-12-20 9:05:20 - PHP Notice:  getimagesize(): Read error! in /home/donn/public_html/admin/model/tool/image.php on line 26
2017-12-20 9:05:20 - PHP Notice:  getimagesize(): Read error! in /home/donn/public_html/system/library/image.php on line 11
2017-12-20 9:05:22 - PHP Notice:  getimagesize(): Read error! in /home/donn/public_html/admin/model/tool/image.php on line 26
2017-12-20 9:05:22 - PHP Notice:  getimagesize(): Read error! in /home/donn/public_html/system/library/image.php on line 11
2017-12-20 9:07:50 - PHP Notice:  getimagesize(): Read error! in /home/donn/public_html/admin/model/tool/image.php on line 26
2017-12-20 9:07:50 - PHP Notice:  getimagesize(): Read error! in /home/donn/public_html/system/library/image.php on line 11
2017-12-20 9:07:56 - PHP Notice:  getimagesize(): Read error! in /home/donn/public_html/admin/model/tool/image.php on line 26
2017-12-20 9:07:56 - PHP Notice:  getimagesize(): Read error! in /home/donn/public_html/system/library/image.php on line 11
2017-12-20 9:08:01 - PHP Notice:  getimagesize(): Read error! in /home/donn/public_html/admin/model/tool/image.php on line 26
2017-12-20 9:08:01 - PHP Notice:  getimagesize(): Read error! in /home/donn/public_html/system/library/image.php on line 11
2017-12-20 9:08:34 - PHP Notice:  getimagesize(): Read error! in /home/donn/public_html/admin/model/tool/image.php on line 26
2017-12-20 9:08:34 - PHP Notice:  getimagesize(): Read error! in /home/donn/public_html/system/library/image.php on line 11
2017-12-20 9:08:46 - PHP Notice:  getimagesize(): Read error! in /home/donn/public_html/admin/model/tool/image.php on line 26
2017-12-20 9:08:46 - PHP Notice:  getimagesize(): Read error! in /home/donn/public_html/system/library/image.php on line 11
2017-12-20 9:08:47 - PHP Notice:  getimagesize(): Read error! in /home/donn/public_html/admin/model/tool/image.php on line 26
2017-12-20 9:08:47 - PHP Notice:  getimagesize(): Read error! in /home/donn/public_html/system/library/image.php on line 11
2017-12-20 9:08:50 - PHP Notice:  getimagesize(): Read error! in /home/donn/public_html/admin/model/tool/image.php on line 26
2017-12-20 9:08:50 - PHP Notice:  getimagesize(): Read error! in /home/donn/public_html/system/library/image.php on line 11
2017-12-20 9:09:06 - PHP Notice:  getimagesize(): Read error! in /home/donn/public_html/admin/model/tool/image.php on line 26
2017-12-20 9:09:06 - PHP Notice:  getimagesize(): Read error! in /home/donn/public_html/system/library/image.php on line 11
2017-12-20 9:09:20 - PHP Notice:  getimagesize(): Read error! in /home/donn/public_html/admin/model/tool/image.php on line 26
2017-12-20 9:09:20 - PHP Notice:  getimagesize(): Read error! in /home/donn/public_html/system/library/image.php on line 11
2017-12-20 9:09:29 - PHP Notice:  getimagesize(): Read error! in /home/donn/public_html/admin/model/tool/image.php on line 26
2017-12-20 9:09:29 - PHP Notice:  getimagesize(): Read error! in /home/donn/public_html/system/library/image.php on line 11
2017-12-20 9:09:32 - PHP Notice:  getimagesize(): Read error! in /home/donn/public_html/admin/model/tool/image.php on line 26
2017-12-20 9:09:32 - PHP Notice:  getimagesize(): Read error! in /home/donn/public_html/system/library/image.php on line 11
2017-12-20 9:09:39 - PHP Notice:  getimagesize(): Read error! in /home/donn/public_html/admin/model/tool/image.php on line 26
2017-12-20 9:09:39 - PHP Notice:  getimagesize(): Read error! in /home/donn/public_html/system/library/image.php on line 11
2017-12-20 9:09:42 - PHP Notice:  getimagesize(): Read error! in /home/donn/public_html/admin/model/tool/image.php on line 26
2017-12-20 9:09:42 - PHP Notice:  getimagesize(): Read error! in /home/donn/public_html/system/library/image.php on line 11
2017-12-20 9:10:32 - PHP Notice:  getimagesize(): Read error! in /home/donn/public_html/admin/model/tool/image.php on line 26
2017-12-20 9:10:32 - PHP Notice:  getimagesize(): Read error! in /home/donn/public_html/system/library/image.php on line 11
2017-12-20 9:10:35 - PHP Notice:  getimagesize(): Read error! in /home/donn/public_html/admin/model/tool/image.php on line 26
2017-12-20 9:10:35 - PHP Notice:  getimagesize(): Read error! in /home/donn/public_html/system/library/image.php on line 11
2017-12-20 9:10:51 - PHP Notice:  getimagesize(): Read error! in /home/donn/public_html/admin/model/tool/image.php on line 26
2017-12-20 9:10:51 - PHP Notice:  getimagesize(): Read error! in /home/donn/public_html/system/library/image.php on line 11
2017-12-20 9:10:55 - PHP Notice:  getimagesize(): Read error! in /home/donn/public_html/admin/model/tool/image.php on line 26
2017-12-20 9:10:55 - PHP Notice:  getimagesize(): Read error! in /home/donn/public_html/system/library/image.php on line 11
2017-12-20 9:11:10 - PHP Notice:  getimagesize(): Read error! in /home/donn/public_html/admin/model/tool/image.php on line 26
2017-12-20 9:11:10 - PHP Notice:  getimagesize(): Read error! in /home/donn/public_html/system/library/image.php on line 11
2017-12-20 9:11:12 - PHP Notice:  getimagesize(): Read error! in /home/donn/public_html/admin/model/tool/image.php on line 26
2017-12-20 9:11:12 - PHP Notice:  getimagesize(): Read error! in /home/donn/public_html/system/library/image.php on line 11
2017-12-20 9:11:14 - PHP Notice:  getimagesize(): Read error! in /home/donn/public_html/admin/model/tool/image.php on line 26
2017-12-20 9:11:14 - PHP Notice:  getimagesize(): Read error! in /home/donn/public_html/system/library/image.php on line 11
2017-12-20 9:11:17 - PHP Notice:  getimagesize(): Read error! in /home/donn/public_html/admin/model/tool/image.php on line 26
2017-12-20 9:11:17 - PHP Notice:  getimagesize(): Read error! in /home/donn/public_html/system/library/image.php on line 11
2017-12-20 9:11:28 - PHP Notice:  getimagesize(): Read error! in /home/donn/public_html/admin/model/tool/image.php on line 26
2017-12-20 9:11:28 - PHP Notice:  getimagesize(): Read error! in /home/donn/public_html/system/library/image.php on line 11
2017-12-20 9:11:33 - PHP Notice:  getimagesize(): Read error! in /home/donn/public_html/admin/model/tool/image.php on line 26
2017-12-20 9:11:33 - PHP Notice:  getimagesize(): Read error! in /home/donn/public_html/system/library/image.php on line 11
2017-12-20 9:11:53 - PHP Notice:  getimagesize(): Read error! in /home/donn/public_html/admin/model/tool/image.php on line 26
2017-12-20 9:11:53 - PHP Notice:  getimagesize(): Read error! in /home/donn/public_html/system/library/image.php on line 11
2017-12-20 9:11:57 - PHP Notice:  getimagesize(): Read error! in /home/donn/public_html/admin/model/tool/image.php on line 26
2017-12-20 9:11:57 - PHP Notice:  getimagesize(): Read error! in /home/donn/public_html/system/library/image.php on line 11
2017-12-20 9:11:59 - PHP Notice:  getimagesize(): Read error! in /home/donn/public_html/admin/model/tool/image.php on line 26
2017-12-20 9:11:59 - PHP Notice:  getimagesize(): Read error! in /home/donn/public_html/system/library/image.php on line 11
2017-12-20 9:12:03 - PHP Notice:  getimagesize(): Read error! in /home/donn/public_html/admin/model/tool/image.php on line 26
2017-12-20 9:12:03 - PHP Notice:  getimagesize(): Read error! in /home/donn/public_html/system/library/image.php on line 11
2017-12-20 9:12:44 - PHP Notice:  getimagesize(): Read error! in /home/donn/public_html/admin/model/tool/image.php on line 26
2017-12-20 9:12:44 - PHP Notice:  getimagesize(): Read error! in /home/donn/public_html/system/library/image.php on line 11
2017-12-20 9:12:50 - PHP Notice:  getimagesize(): Read error! in /home/donn/public_html/admin/model/tool/image.php on line 26
2017-12-20 9:12:50 - PHP Notice:  getimagesize(): Read error! in /home/donn/public_html/system/library/image.php on line 11
2017-12-20 9:12:52 - PHP Notice:  getimagesize(): Read error! in /home/donn/public_html/admin/model/tool/image.php on line 26
2017-12-20 9:12:52 - PHP Notice:  getimagesize(): Read error! in /home/donn/public_html/system/library/image.php on line 11
2017-12-20 9:13:32 - PHP Notice:  getimagesize(): Read error! in /home/donn/public_html/admin/model/tool/image.php on line 26
2017-12-20 9:13:32 - PHP Notice:  getimagesize(): Read error! in /home/donn/public_html/system/library/image.php on line 11
2017-12-20 9:13:36 - PHP Notice:  getimagesize(): Read error! in /home/donn/public_html/admin/model/tool/image.php on line 26
2017-12-20 9:13:36 - PHP Notice:  getimagesize(): Read error! in /home/donn/public_html/system/library/image.php on line 11
2017-12-20 9:13:41 - PHP Notice:  getimagesize(): Read error! in /home/donn/public_html/admin/model/tool/image.php on line 26
2017-12-20 9:13:41 - PHP Notice:  getimagesize(): Read error! in /home/donn/public_html/system/library/image.php on line 11
2017-12-20 9:14:03 - PHP Notice:  getimagesize(): Read error! in /home/donn/public_html/admin/model/tool/image.php on line 26
2017-12-20 9:14:03 - PHP Notice:  getimagesize(): Read error! in /home/donn/public_html/system/library/image.php on line 11
2017-12-20 9:14:59 - PHP Notice:  getimagesize(): Read error! in /home/donn/public_html/admin/model/tool/image.php on line 26
2017-12-20 9:14:59 - PHP Notice:  getimagesize(): Read error! in /home/donn/public_html/system/library/image.php on line 11
2017-12-20 10:07:58 - PHP Notice:  getimagesize(): Read error! in /home/donn/public_html/admin/model/tool/image.php on line 26
2017-12-20 10:07:58 - PHP Notice:  getimagesize(): Read error! in /home/donn/public_html/system/library/image.php on line 11
2017-12-20 10:08:32 - PHP Notice:  getimagesize(): Read error! in /home/donn/public_html/admin/model/tool/image.php on line 26
2017-12-20 10:08:32 - PHP Notice:  getimagesize(): Read error! in /home/donn/public_html/system/library/image.php on line 11
2017-12-20 10:08:34 - PHP Notice:  getimagesize(): Read error! in /home/donn/public_html/admin/model/tool/image.php on line 26
2017-12-20 10:08:34 - PHP Notice:  getimagesize(): Read error! in /home/donn/public_html/system/library/image.php on line 11
2017-12-20 10:09:31 - PHP Notice:  Undefined variable: entry_captcha in /home/donn/public_html/catalog/view/theme/nature/template/information/contact.tpl on line 134
2017-12-20 10:09:36 - PHP Notice:  Undefined variable: entry_captcha in /home/donn/public_html/catalog/view/theme/nature/template/account/return_form.tpl on line 154
2017-12-20 10:09:36 - PHP Notice:  Undefined variable: entry_captcha in /home/donn/public_html/catalog/view/theme/nature/template/account/return_form.tpl on line 156
2017-12-20 10:59:35 - PHP Notice:  Undefined variable: entry_captcha in /home/donn/public_html/catalog/view/theme/nature/template/information/contact.tpl on line 134
2017-12-20 13:55:08 - PHP Warning:  fsockopen(): php_network_getaddresses: getaddrinfo failed: Name or service not known in /home/donn/public_html/system/library/mail.php on line 168
2017-12-20 13:55:08 - PHP Warning:  fsockopen(): unable to connect to :25 (php_network_getaddresses: getaddrinfo failed: Name or service not known) in /home/donn/public_html/system/library/mail.php on line 168
2017-12-20 13:55:08 - PHP Notice:  Error: php_network_getaddresses: getaddrinfo failed: Name or service not known (0) in /home/donn/public_html/system/library/mail.php on line 171
2017-12-20 13:56:03 - PHP Warning:  fsockopen(): php_network_getaddresses: getaddrinfo failed: Name or service not known in /home/donn/public_html/system/library/mail.php on line 168
2017-12-20 13:56:03 - PHP Warning:  fsockopen(): unable to connect to :25 (php_network_getaddresses: getaddrinfo failed: Name or service not known) in /home/donn/public_html/system/library/mail.php on line 168
2017-12-20 13:56:03 - PHP Notice:  Error: php_network_getaddresses: getaddrinfo failed: Name or service not known (0) in /home/donn/public_html/system/library/mail.php on line 171
2017-12-20 13:57:36 - PHP Notice:  Undefined variable: entry_captcha in /home/donn/public_html/catalog/view/theme/nature/template/account/return_form.tpl on line 154
2017-12-20 13:57:36 - PHP Notice:  Undefined variable: entry_captcha in /home/donn/public_html/catalog/view/theme/nature/template/account/return_form.tpl on line 156
2017-12-20 13:57:40 - PHP Notice:  Undefined variable: entry_captcha in /home/donn/public_html/catalog/view/theme/nature/template/account/return_form.tpl on line 154
2017-12-20 13:57:40 - PHP Notice:  Undefined variable: entry_captcha in /home/donn/public_html/catalog/view/theme/nature/template/account/return_form.tpl on line 156
2017-12-21 11:00:04 - PHP Warning:  fsockopen(): php_network_getaddresses: getaddrinfo failed: Name or service not known in /home/donn/public_html/system/library/mail.php on line 168
2017-12-21 11:00:04 - PHP Warning:  fsockopen(): unable to connect to :25 (php_network_getaddresses: getaddrinfo failed: Name or service not known) in /home/donn/public_html/system/library/mail.php on line 168
2017-12-21 11:00:04 - PHP Notice:  Error: php_network_getaddresses: getaddrinfo failed: Name or service not known (0) in /home/donn/public_html/system/library/mail.php on line 171
2017-12-21 11:00:16 - PHP Warning:  fsockopen(): php_network_getaddresses: getaddrinfo failed: Name or service not known in /home/donn/public_html/system/library/mail.php on line 168
2017-12-21 11:00:16 - PHP Warning:  fsockopen(): unable to connect to :25 (php_network_getaddresses: getaddrinfo failed: Name or service not known) in /home/donn/public_html/system/library/mail.php on line 168
2017-12-21 11:00:16 - PHP Notice:  Error: php_network_getaddresses: getaddrinfo failed: Name or service not known (0) in /home/donn/public_html/system/library/mail.php on line 171
2017-12-21 11:01:24 - PHP Warning:  fsockopen(): php_network_getaddresses: getaddrinfo failed: Name or service not known in /home/donn/public_html/system/library/mail.php on line 168
2017-12-21 11:01:24 - PHP Warning:  fsockopen(): unable to connect to :25 (php_network_getaddresses: getaddrinfo failed: Name or service not known) in /home/donn/public_html/system/library/mail.php on line 168
2017-12-21 11:01:24 - PHP Notice:  Error: php_network_getaddresses: getaddrinfo failed: Name or service not known (0) in /home/donn/public_html/system/library/mail.php on line 171
2018-01-09 5:54:48 - PHP Warning:  fsockopen(): php_network_getaddresses: getaddrinfo failed: Name or service not known in /home/donn/public_html/system/library/mail.php on line 168
2018-01-09 5:54:48 - PHP Warning:  fsockopen(): unable to connect to :465 (php_network_getaddresses: getaddrinfo failed: Name or service not known) in /home/donn/public_html/system/library/mail.php on line 168
2018-01-09 5:54:48 - PHP Notice:  Error: php_network_getaddresses: getaddrinfo failed: Name or service not known (0) in /home/donn/public_html/system/library/mail.php on line 171
2018-01-09 5:55:04 - PHP Warning:  fsockopen(): php_network_getaddresses: getaddrinfo failed: Name or service not known in /home/donn/public_html/system/library/mail.php on line 168
2018-01-09 5:55:04 - PHP Warning:  fsockopen(): unable to connect to :465 (php_network_getaddresses: getaddrinfo failed: Name or service not known) in /home/donn/public_html/system/library/mail.php on line 168
2018-01-09 5:55:04 - PHP Notice:  Error: php_network_getaddresses: getaddrinfo failed: Name or service not known (0) in /home/donn/public_html/system/library/mail.php on line 171
2018-01-12 15:02:46 - PHP Warning:  fsockopen(): php_network_getaddresses: getaddrinfo failed: Name or service not known in /home/donn/public_html/system/library/mail.php on line 168
2018-01-12 15:02:46 - PHP Warning:  fsockopen(): unable to connect to :465 (php_network_getaddresses: getaddrinfo failed: Name or service not known) in /home/donn/public_html/system/library/mail.php on line 168
2018-01-12 15:02:46 - PHP Notice:  Error: php_network_getaddresses: getaddrinfo failed: Name or service not known (0) in /home/donn/public_html/system/library/mail.php on line 171
2018-01-12 16:04:48 - PHP Warning:  fsockopen(): php_network_getaddresses: getaddrinfo failed: Name or service not known in /home/donn/public_html/system/library/mail.php on line 168
2018-01-12 16:04:48 - PHP Warning:  fsockopen(): unable to connect to :587 (php_network_getaddresses: getaddrinfo failed: Name or service not known) in /home/donn/public_html/system/library/mail.php on line 168
2018-01-12 16:04:48 - PHP Notice:  Error: php_network_getaddresses: getaddrinfo failed: Name or service not known (0) in /home/donn/public_html/system/library/mail.php on line 171
2018-01-12 16:05:38 - PHP Warning:  fsockopen(): php_network_getaddresses: getaddrinfo failed: Name or service not known in /home/donn/public_html/system/library/mail.php on line 168
2018-01-12 16:05:38 - PHP Warning:  fsockopen(): unable to connect to :587 (php_network_getaddresses: getaddrinfo failed: Name or service not known) in /home/donn/public_html/system/library/mail.php on line 168
2018-01-12 16:05:38 - PHP Notice:  Error: php_network_getaddresses: getaddrinfo failed: Name or service not known (0) in /home/donn/public_html/system/library/mail.php on line 171
2018-01-12 16:05:40 - PHP Warning:  fsockopen(): php_network_getaddresses: getaddrinfo failed: Name or service not known in /home/donn/public_html/system/library/mail.php on line 168
2018-01-12 16:05:40 - PHP Warning:  fsockopen(): unable to connect to :587 (php_network_getaddresses: getaddrinfo failed: Name or service not known) in /home/donn/public_html/system/library/mail.php on line 168
2018-01-12 16:05:40 - PHP Notice:  Error: php_network_getaddresses: getaddrinfo failed: Name or service not known (0) in /home/donn/public_html/system/library/mail.php on line 171
2018-01-12 16:05:41 - PHP Warning:  fsockopen(): php_network_getaddresses: getaddrinfo failed: Name or service not known in /home/donn/public_html/system/library/mail.php on line 168
2018-01-12 16:05:41 - PHP Warning:  fsockopen(): unable to connect to :587 (php_network_getaddresses: getaddrinfo failed: Name or service not known) in /home/donn/public_html/system/library/mail.php on line 168
2018-01-12 16:05:41 - PHP Notice:  Error: php_network_getaddresses: getaddrinfo failed: Name or service not known (0) in /home/donn/public_html/system/library/mail.php on line 171
2018-01-12 16:05:42 - PHP Warning:  fsockopen(): php_network_getaddresses: getaddrinfo failed: Name or service not known in /home/donn/public_html/system/library/mail.php on line 168
2018-01-12 16:05:42 - PHP Warning:  fsockopen(): unable to connect to :587 (php_network_getaddresses: getaddrinfo failed: Name or service not known) in /home/donn/public_html/system/library/mail.php on line 168
2018-01-12 16:05:42 - PHP Notice:  Error: php_network_getaddresses: getaddrinfo failed: Name or service not known (0) in /home/donn/public_html/system/library/mail.php on line 171
2018-01-12 16:05:42 - PHP Warning:  fsockopen(): php_network_getaddresses: getaddrinfo failed: Name or service not known in /home/donn/public_html/system/library/mail.php on line 168
2018-01-12 16:05:42 - PHP Warning:  fsockopen(): unable to connect to :587 (php_network_getaddresses: getaddrinfo failed: Name or service not known) in /home/donn/public_html/system/library/mail.php on line 168
2018-01-12 16:05:42 - PHP Notice:  Error: php_network_getaddresses: getaddrinfo failed: Name or service not known (0) in /home/donn/public_html/system/library/mail.php on line 171
2018-01-12 16:06:47 - PHP Warning:  fsockopen(): php_network_getaddresses: getaddrinfo failed: Name or service not known in /home/donn/public_html/system/library/mail.php on line 168
2018-01-12 16:06:47 - PHP Warning:  fsockopen(): unable to connect to :587 (php_network_getaddresses: getaddrinfo failed: Name or service not known) in /home/donn/public_html/system/library/mail.php on line 168
2018-01-12 16:06:47 - PHP Notice:  Error: php_network_getaddresses: getaddrinfo failed: Name or service not known (0) in /home/donn/public_html/system/library/mail.php on line 171
2018-01-14 4:27:19 - PHP Notice:  Undefined variable: entry_captcha in /home/donn/public_html/catalog/view/theme/nature/template/information/contact.tpl on line 134
2018-01-14 14:58:02 - PHP Notice:  Undefined variable: entry_captcha in /home/donn/public_html/catalog/view/theme/nature/template/information/contact.tpl on line 134
2018-01-14 14:59:39 - PHP Notice:  Undefined variable: entry_captcha in /home/donn/public_html/catalog/view/theme/nature/template/information/contact.tpl on line 134
2018-01-14 14:59:40 - PHP Notice:  Undefined variable: entry_captcha in /home/donn/public_html/catalog/view/theme/nature/template/information/contact.tpl on line 134
2018-01-14 15:01:32 - PHP Notice:  Undefined variable: entry_captcha in /home/donn/public_html/catalog/view/theme/nature/template/information/contact.tpl on line 134
2018-01-15 18:16:23 - PHP Notice:  Undefined variable: entry_captcha in /home/donn/public_html/catalog/view/theme/nature/template/information/contact.tpl on line 134
2018-01-17 12:05:38 - PHP Notice:  Undefined variable: entry_captcha in /home/donn/public_html/catalog/view/theme/nature/template/information/contact.tpl on line 134
2018-01-17 12:06:08 - PHP Notice:  Undefined variable: entry_captcha in /home/donn/public_html/catalog/view/theme/nature/template/account/return_form.tpl on line 154
2018-01-17 12:06:08 - PHP Notice:  Undefined variable: entry_captcha in /home/donn/public_html/catalog/view/theme/nature/template/account/return_form.tpl on line 156
2018-01-18 0:28:17 - PHP Notice:  Undefined variable: entry_captcha in /home/donn/public_html/catalog/view/theme/nature/template/information/contact.tpl on line 134
2018-01-20 4:35:26 - PHP Notice:  Undefined variable: entry_captcha in /home/donn/public_html/catalog/view/theme/nature/template/account/return_form.tpl on line 154
2018-01-20 4:35:26 - PHP Notice:  Undefined variable: entry_captcha in /home/donn/public_html/catalog/view/theme/nature/template/account/return_form.tpl on line 156
2018-01-20 4:36:00 - PHP Notice:  Undefined variable: entry_captcha in /home/donn/public_html/catalog/view/theme/nature/template/information/contact.tpl on line 134
2018-01-20 18:58:41 - PHP Notice:  Undefined variable: entry_captcha in /home/donn/public_html/catalog/view/theme/nature/template/account/return_form.tpl on line 154
2018-01-20 18:58:41 - PHP Notice:  Undefined variable: entry_captcha in /home/donn/public_html/catalog/view/theme/nature/template/account/return_form.tpl on line 156
2018-01-21 4:02:32 - PHP Notice:  Undefined variable: entry_captcha in /home/donn/public_html/catalog/view/theme/nature/template/account/return_form.tpl on line 154
2018-01-21 4:02:32 - PHP Notice:  Undefined variable: entry_captcha in /home/donn/public_html/catalog/view/theme/nature/template/account/return_form.tpl on line 156
2018-01-21 5:31:12 - PHP Notice:  Undefined variable: entry_captcha in /home/donn/public_html/catalog/view/theme/nature/template/account/return_form.tpl on line 154
2018-01-21 5:31:12 - PHP Notice:  Undefined variable: entry_captcha in /home/donn/public_html/catalog/view/theme/nature/template/account/return_form.tpl on line 156
2018-01-21 9:35:03 - PHP Notice:  Undefined variable: entry_captcha in /home/donn/public_html/catalog/view/theme/nature/template/account/return_form.tpl on line 154
2018-01-21 9:35:03 - PHP Notice:  Undefined variable: entry_captcha in /home/donn/public_html/catalog/view/theme/nature/template/account/return_form.tpl on line 156
2018-01-21 11:51:16 - PHP Notice:  Undefined variable: entry_captcha in /home/donn/public_html/catalog/view/theme/nature/template/information/contact.tpl on line 134
2018-01-22 5:30:18 - PHP Notice:  Undefined variable: entry_captcha in /home/donn/public_html/catalog/view/theme/nature/template/information/contact.tpl on line 134
2018-01-22 18:00:20 - PHP Notice:  Undefined variable: entry_captcha in /home/donn/public_html/catalog/view/theme/nature/template/information/contact.tpl on line 134
2018-01-24 13:47:32 - PHP Notice:  Undefined variable: entry_captcha in /home/donn/public_html/catalog/view/theme/nature/template/information/contact.tpl on line 134
2018-01-24 13:48:03 - PHP Notice:  Undefined variable: entry_captcha in /home/donn/public_html/catalog/view/theme/nature/template/account/return_form.tpl on line 154
2018-01-24 13:48:03 - PHP Notice:  Undefined variable: entry_captcha in /home/donn/public_html/catalog/view/theme/nature/template/account/return_form.tpl on line 156
2018-01-24 16:10:59 - PHP Notice:  Undefined variable: entry_captcha in /home/donn/public_html/catalog/view/theme/nature/template/information/contact.tpl on line 134
2018-01-24 16:12:18 - PHP Notice:  Undefined variable: entry_captcha in /home/donn/public_html/catalog/view/theme/nature/template/information/contact.tpl on line 134
2018-01-27 16:23:44 - PHP Notice:  Undefined variable: entry_captcha in /home/donn/public_html/catalog/view/theme/nature/template/information/contact.tpl on line 134
2018-01-27 16:27:29 - PHP Notice:  Undefined variable: entry_captcha in /home/donn/public_html/catalog/view/theme/nature/template/information/contact.tpl on line 134
2018-01-27 16:27:37 - PHP Notice:  Undefined variable: entry_captcha in /home/donn/public_html/catalog/view/theme/nature/template/account/return_form.tpl on line 154
2018-01-27 16:27:37 - PHP Notice:  Undefined variable: entry_captcha in /home/donn/public_html/catalog/view/theme/nature/template/account/return_form.tpl on line 156
2018-01-27 16:37:46 - PHP Notice:  Undefined variable: entry_captcha in /home/donn/public_html/catalog/view/theme/nature/template/information/contact.tpl on line 134
2018-01-28 16:22:41 - PHP Notice:  Undefined variable: entry_captcha in /home/donn/public_html/catalog/view/theme/nature/template/information/contact.tpl on line 134
2018-01-28 16:23:51 - PHP Notice:  Undefined variable: entry_captcha in /home/donn/public_html/catalog/view/theme/nature/template/information/contact.tpl on line 134
2018-01-29 12:55:58 - PHP Notice:  Undefined variable: entry_captcha in /home/donn/public_html/catalog/view/theme/nature/template/information/contact.tpl on line 134
2018-01-31 20:44:18 - 
2018-01-31 20:44:18 - 
2018-01-31 20:44:18 - 
2018-01-31 20:44:18 - 
2018-01-31 20:44:18 - 
2018-01-31 20:44:45 - PHP Notice:  Undefined variable: entry_captcha in /home/donn/public_html/catalog/view/theme/nature/template/information/contact.tpl on line 134
2018-01-31 20:44:55 - PHP Notice:  Undefined variable: entry_captcha in /home/donn/public_html/catalog/view/theme/nature/template/account/return_form.tpl on line 154
2018-01-31 20:44:55 - PHP Notice:  Undefined variable: entry_captcha in /home/donn/public_html/catalog/view/theme/nature/template/account/return_form.tpl on line 156
2018-02-01 18:13:45 - PHP Notice:  Undefined variable: entry_captcha in /home/donn/public_html/catalog/view/theme/nature/template/account/return_form.tpl on line 154
2018-02-01 18:13:45 - PHP Notice:  Undefined variable: entry_captcha in /home/donn/public_html/catalog/view/theme/nature/template/account/return_form.tpl on line 156
2018-02-01 18:20:02 - PHP Warning:  fsockopen(): php_network_getaddresses: getaddrinfo failed: Name or service not known in /home/donn/public_html/system/library/mail.php on line 168
2018-02-01 18:20:02 - PHP Warning:  fsockopen(): unable to connect to :587 (php_network_getaddresses: getaddrinfo failed: Name or service not known) in /home/donn/public_html/system/library/mail.php on line 168
2018-02-01 18:20:02 - PHP Notice:  Error: php_network_getaddresses: getaddrinfo failed: Name or service not known (0) in /home/donn/public_html/system/library/mail.php on line 171
2018-02-01 18:20:52 - PHP Warning:  fsockopen(): php_network_getaddresses: getaddrinfo failed: Name or service not known in /home/donn/public_html/system/library/mail.php on line 168
2018-02-01 18:20:52 - PHP Warning:  fsockopen(): unable to connect to :587 (php_network_getaddresses: getaddrinfo failed: Name or service not known) in /home/donn/public_html/system/library/mail.php on line 168
2018-02-01 18:20:52 - PHP Notice:  Error: php_network_getaddresses: getaddrinfo failed: Name or service not known (0) in /home/donn/public_html/system/library/mail.php on line 171
2018-02-01 18:21:38 - PHP Warning:  fsockopen(): php_network_getaddresses: getaddrinfo failed: Name or service not known in /home/donn/public_html/system/library/mail.php on line 168
2018-02-01 18:21:38 - PHP Warning:  fsockopen(): unable to connect to :587 (php_network_getaddresses: getaddrinfo failed: Name or service not known) in /home/donn/public_html/system/library/mail.php on line 168
2018-02-01 18:21:38 - PHP Notice:  Error: php_network_getaddresses: getaddrinfo failed: Name or service not known (0) in /home/donn/public_html/system/library/mail.php on line 171
2018-02-03 7:25:21 - PHP Warning:  ftp_connect(): php_network_getaddresses: getaddrinfo failed: Name or service not known in /home/donn/public_html/admin/controller/extension/installer.php on line 292
2018-02-03 7:27:26 - PHP Warning:  ftp_connect(): php_network_getaddresses: getaddrinfo failed: Name or service not known in /home/donn/public_html/admin/controller/extension/installer.php on line 292
